<?xml version="1.0" encoding="UTF-8"?>
<!-- Generated by org.testng.reporters.JUnitXMLReporter -->
<testsuite hostname="DESKTOP-RV7KF9C" name="Test" tests="1" failures="0" timestamp="20 Apr 2021 14:01:57 GMT" time="42.199" errors="0">
  <testcase name="@AfterMethod afterTestExecution" time="0.0" classname="com.automation.businessscripts.Project">
    <failure type="java.lang.NullPointerException">
      <![CDATA[java.lang.NullPointerException
	at com.automation.Utility.ScreenshotUtility.takeScreenshot(ScreenshotUtility.java:17)
	at com.autoamation.testbase.BaseTest2.afterTestExecution(BaseTest2.java:86)
... Removed 26 stack frames]]>
    </failure>
  </testcase> <!-- @AfterMethod afterTestExecution -->
  <testcase name="@AfterTest closeReports" time="0.0" classname="com.automation.businessscripts.Project">
    <skipped/>
  </testcase> <!-- @AfterTest closeReports -->
  <testcase name="getTest" time="42.023" classname="com.automation.businessscripts.Project"/>
</testsuite> <!-- Test -->
